{"/Users/yagneshmodh/Documents/projects/css-corp-batch-2/src/configureStore.ts": {"path":"/Users/yagneshmodh/Documents/projects/css-corp-batch-2/src/configureStore.ts","statementMap":{"0":{"start":{"line":7,"column":23},"end":{"line":7,"column":45}},"1":{"start":{"line":9,"column":19},"end":{"line":9,"column":53}},"2":{"start":{"line":12,"column":2},"end":{"line":12,"column":65}},"3":{"start":{"line":14,"column":14},"end":{"line":17,"column":1}},"4":{"start":{"line":19,"column":0},"end":{"line":19,"column":29}}},"fnMap":{},"branchMap":{"0":{"loc":{"start":{"line":12,"column":2},"end":{"line":12,"column":65}},"type":"binary-expr","locations":[{"start":{"line":12,"column":2},"end":{"line":12,"column":54}},{"start":{"line":12,"column":58},"end":{"line":12,"column":65}}],"line":12}},"s":{"0":1,"1":1,"2":1,"3":1,"4":1},"f":{},"b":{"0":[1,1]},"_coverageSchema":"1a1c01bbd47fc00a2c39e90264f33305004495a9","hash":"724cc841f843671e0c5badee77179f2dc368acf8"}
,"/Users/yagneshmodh/Documents/projects/css-corp-batch-2/src/Pages/Home/Home.tsx": {"path":"/Users/yagneshmodh/Documents/projects/css-corp-batch-2/src/Pages/Home/Home.tsx","statementMap":{"0":{"start":{"line":12,"column":13},"end":{"line":30,"column":1}},"1":{"start":{"line":13,"column":2},"end":{"line":16,"column":31}},"2":{"start":{"line":14,"column":4},"end":{"line":14,"column":19}},"3":{"start":{"line":15,"column":4},"end":{"line":15,"column":15}},"4":{"start":{"line":18,"column":2},"end":{"line":29,"column":4}},"5":{"start":{"line":26,"column":8},"end":{"line":26,"column":57}}},"fnMap":{"0":{"name":"(anonymous_0)","decl":{"start":{"line":12,"column":13},"end":{"line":12,"column":14}},"loc":{"start":{"line":12,"column":71},"end":{"line":30,"column":1}},"line":12},"1":{"name":"(anonymous_1)","decl":{"start":{"line":13,"column":12},"end":{"line":13,"column":13}},"loc":{"start":{"line":13,"column":18},"end":{"line":16,"column":3}},"line":13},"2":{"name":"(anonymous_2)","decl":{"start":{"line":25,"column":21},"end":{"line":25,"column":22}},"loc":{"start":{"line":25,"column":34},"end":{"line":27,"column":7}},"line":25}},"branchMap":{"0":{"loc":{"start":{"line":20,"column":7},"end":{"line":24,"column":7}},"type":"binary-expr","locations":[{"start":{"line":20,"column":8},"end":{"line":20,"column":32}},{"start":{"line":20,"column":36},"end":{"line":20,"column":56}},{"start":{"line":21,"column":8},"end":{"line":23,"column":14}}],"line":20}},"s":{"0":1,"1":12,"2":3,"3":3,"4":12,"5":2},"f":{"0":12,"1":3,"2":2},"b":{"0":[12,9,6]},"_coverageSchema":"1a1c01bbd47fc00a2c39e90264f33305004495a9","hash":"7ddbab79674992435549b93e4a2faa0b5d3e78ea"}
,"/Users/yagneshmodh/Documents/projects/css-corp-batch-2/src/Pages/Home/index.ts": {"path":"/Users/yagneshmodh/Documents/projects/css-corp-batch-2/src/Pages/Home/index.ts","statementMap":{"0":{"start":{"line":9,"column":24},"end":{"line":14,"column":1}},"1":{"start":{"line":10,"column":2},"end":{"line":13,"column":4}},"2":{"start":{"line":16,"column":27},"end":{"line":21,"column":1}},"3":{"start":{"line":17,"column":2},"end":{"line":20,"column":4}},"4":{"start":{"line":18,"column":24},"end":{"line":18,"column":60}},"5":{"start":{"line":19,"column":20},"end":{"line":19,"column":53}}},"fnMap":{"0":{"name":"(anonymous_0)","decl":{"start":{"line":9,"column":24},"end":{"line":9,"column":25}},"loc":{"start":{"line":9,"column":46},"end":{"line":14,"column":1}},"line":9},"1":{"name":"(anonymous_1)","decl":{"start":{"line":16,"column":27},"end":{"line":16,"column":28}},"loc":{"start":{"line":16,"column":54},"end":{"line":21,"column":1}},"line":16},"2":{"name":"(anonymous_2)","decl":{"start":{"line":18,"column":18},"end":{"line":18,"column":19}},"loc":{"start":{"line":18,"column":24},"end":{"line":18,"column":60}},"line":18},"3":{"name":"(anonymous_3)","decl":{"start":{"line":19,"column":14},"end":{"line":19,"column":15}},"loc":{"start":{"line":19,"column":20},"end":{"line":19,"column":53}},"line":19}},"branchMap":{},"s":{"0":1,"1":15,"2":1,"3":3,"4":3,"5":3},"f":{"0":15,"1":3,"2":3,"3":3},"b":{},"_coverageSchema":"1a1c01bbd47fc00a2c39e90264f33305004495a9","hash":"9fbbd9d80a59ccbc1f2a18e63b9b557f4cea5e56"}
,"/Users/yagneshmodh/Documents/projects/css-corp-batch-2/src/components/Button/index.tsx": {"path":"/Users/yagneshmodh/Documents/projects/css-corp-batch-2/src/components/Button/index.tsx","statementMap":{"0":{"start":{"line":6,"column":15},"end":{"line":30,"column":1}},"1":{"start":{"line":7,"column":2},"end":{"line":7,"column":20}},"2":{"start":{"line":8,"column":2},"end":{"line":29,"column":4}}},"fnMap":{"0":{"name":"(anonymous_0)","decl":{"start":{"line":6,"column":15},"end":{"line":6,"column":16}},"loc":{"start":{"line":6,"column":62},"end":{"line":30,"column":1}},"line":6}},"branchMap":{"0":{"loc":{"start":{"line":19,"column":7},"end":{"line":26,"column":7}},"type":"binary-expr","locations":[{"start":{"line":19,"column":7},"end":{"line":19,"column":11}},{"start":{"line":20,"column":8},"end":{"line":25,"column":15}}],"line":19}},"s":{"0":1,"1":5,"2":5},"f":{"0":5},"b":{"0":[5,1]},"_coverageSchema":"1a1c01bbd47fc00a2c39e90264f33305004495a9","hash":"16da60f6337b4d7b74225a6ebd9b41e370ee23c6"}
,"/Users/yagneshmodh/Documents/projects/css-corp-batch-2/src/components/Product/Product.tsx": {"path":"/Users/yagneshmodh/Documents/projects/css-corp-batch-2/src/components/Product/Product.tsx","statementMap":{"0":{"start":{"line":17,"column":16},"end":{"line":118,"column":1}},"1":{"start":{"line":33,"column":2},"end":{"line":33,"column":18}},"2":{"start":{"line":35,"column":25},"end":{"line":39,"column":3}},"3":{"start":{"line":36,"column":4},"end":{"line":38,"column":5}},"4":{"start":{"line":37,"column":6},"end":{"line":37,"column":76}},"5":{"start":{"line":41,"column":2},"end":{"line":117,"column":4}},"6":{"start":{"line":86,"column":31},"end":{"line":86,"column":46}},"7":{"start":{"line":99,"column":20},"end":{"line":101,"column":29}},"8":{"start":{"line":106,"column":33},"end":{"line":106,"column":57}}},"fnMap":{"0":{"name":"(anonymous_0)","decl":{"start":{"line":17,"column":16},"end":{"line":17,"column":17}},"loc":{"start":{"line":32,"column":20},"end":{"line":118,"column":1}},"line":32},"1":{"name":"(anonymous_1)","decl":{"start":{"line":35,"column":25},"end":{"line":35,"column":26}},"loc":{"start":{"line":35,"column":68},"end":{"line":39,"column":3}},"line":35},"2":{"name":"(anonymous_2)","decl":{"start":{"line":86,"column":25},"end":{"line":86,"column":26}},"loc":{"start":{"line":86,"column":31},"end":{"line":86,"column":46}},"line":86},"3":{"name":"(anonymous_3)","decl":{"start":{"line":98,"column":45},"end":{"line":98,"column":46}},"loc":{"start":{"line":99,"column":20},"end":{"line":101,"column":29}},"line":99},"4":{"name":"(anonymous_4)","decl":{"start":{"line":106,"column":27},"end":{"line":106,"column":28}},"loc":{"start":{"line":106,"column":33},"end":{"line":106,"column":57}},"line":106}},"branchMap":{"0":{"loc":{"start":{"line":36,"column":4},"end":{"line":38,"column":5}},"type":"if","locations":[{"start":{"line":36,"column":4},"end":{"line":38,"column":5}},{"start":{},"end":{}}],"line":36},"1":{"loc":{"start":{"line":74,"column":13},"end":{"line":112,"column":13}},"type":"cond-expr","locations":[{"start":{"line":75,"column":14},"end":{"line":89,"column":23}},{"start":{"line":91,"column":14},"end":{"line":111,"column":20}}],"line":74},"2":{"loc":{"start":{"line":81,"column":22},"end":{"line":81,"column":46}},"type":"binary-expr","locations":[{"start":{"line":81,"column":22},"end":{"line":81,"column":32}},{"start":{"line":81,"column":36},"end":{"line":81,"column":46}}],"line":81}},"s":{"0":1,"1":2,"2":2,"3":0,"4":0,"5":2,"6":0,"7":10,"8":0},"f":{"0":2,"1":0,"2":0,"3":10,"4":0},"b":{"0":[0,0],"1":[1,1],"2":[1,1]},"_coverageSchema":"1a1c01bbd47fc00a2c39e90264f33305004495a9","hash":"31c89d91b2490be65fd577d28042994b27bcec91"}
,"/Users/yagneshmodh/Documents/projects/css-corp-batch-2/src/components/Product/index.tsx": {"path":"/Users/yagneshmodh/Documents/projects/css-corp-batch-2/src/components/Product/index.tsx","statementMap":{"0":{"start":{"line":12,"column":24},"end":{"line":17,"column":2}},"1":{"start":{"line":12,"column":67},"end":{"line":17,"column":1}},"2":{"start":{"line":13,"column":36},"end":{"line":13,"column":60}},"3":{"start":{"line":19,"column":27},"end":{"line":26,"column":2}},"4":{"start":{"line":19,"column":55},"end":{"line":26,"column":1}},"5":{"start":{"line":21,"column":4},"end":{"line":21,"column":49}},"6":{"start":{"line":23,"column":4},"end":{"line":23,"column":51}},"7":{"start":{"line":25,"column":4},"end":{"line":25,"column":51}}},"fnMap":{"0":{"name":"(anonymous_0)","decl":{"start":{"line":12,"column":24},"end":{"line":12,"column":25}},"loc":{"start":{"line":12,"column":67},"end":{"line":17,"column":1}},"line":12},"1":{"name":"(anonymous_1)","decl":{"start":{"line":13,"column":29},"end":{"line":13,"column":30}},"loc":{"start":{"line":13,"column":36},"end":{"line":13,"column":60}},"line":13},"2":{"name":"(anonymous_2)","decl":{"start":{"line":19,"column":27},"end":{"line":19,"column":28}},"loc":{"start":{"line":19,"column":55},"end":{"line":26,"column":1}},"line":19},"3":{"name":"(anonymous_3)","decl":{"start":{"line":20,"column":15},"end":{"line":20,"column":16}},"loc":{"start":{"line":21,"column":4},"end":{"line":21,"column":49}},"line":21},"4":{"name":"(anonymous_4)","decl":{"start":{"line":22,"column":18},"end":{"line":22,"column":19}},"loc":{"start":{"line":23,"column":4},"end":{"line":23,"column":51}},"line":23},"5":{"name":"(anonymous_5)","decl":{"start":{"line":24,"column":18},"end":{"line":24,"column":19}},"loc":{"start":{"line":25,"column":4},"end":{"line":25,"column":51}},"line":25}},"branchMap":{},"s":{"0":1,"1":2,"2":1,"3":1,"4":1,"5":0,"6":0,"7":0},"f":{"0":2,"1":1,"2":1,"3":0,"4":0,"5":0},"b":{},"_coverageSchema":"1a1c01bbd47fc00a2c39e90264f33305004495a9","hash":"4821ef48f1472bfa071a0def71f3817e31003ded"}
,"/Users/yagneshmodh/Documents/projects/css-corp-batch-2/src/components/Rating/index.tsx": {"path":"/Users/yagneshmodh/Documents/projects/css-corp-batch-2/src/components/Rating/index.tsx","statementMap":{"0":{"start":{"line":6,"column":15},"end":{"line":29,"column":1}},"1":{"start":{"line":7,"column":2},"end":{"line":28,"column":4}},"2":{"start":{"line":11,"column":10},"end":{"line":17,"column":12}}},"fnMap":{"0":{"name":"(anonymous_0)","decl":{"start":{"line":6,"column":15},"end":{"line":6,"column":16}},"loc":{"start":{"line":6,"column":48},"end":{"line":29,"column":1}},"line":6},"1":{"name":"(anonymous_1)","decl":{"start":{"line":10,"column":34},"end":{"line":10,"column":35}},"loc":{"start":{"line":11,"column":10},"end":{"line":17,"column":12}},"line":11}},"branchMap":{},"s":{"0":1,"1":1,"2":5},"f":{"0":1,"1":5},"b":{},"_coverageSchema":"1a1c01bbd47fc00a2c39e90264f33305004495a9","hash":"e6aa49ceef2660b4126112b1e5560cb6e1538bc2"}
,"/Users/yagneshmodh/Documents/projects/css-corp-batch-2/src/constants/actionTypes.ts": {"path":"/Users/yagneshmodh/Documents/projects/css-corp-batch-2/src/constants/actionTypes.ts","statementMap":{"0":{"start":{"line":1,"column":37},"end":{"line":1,"column":60}},"1":{"start":{"line":2,"column":37},"end":{"line":2,"column":60}},"2":{"start":{"line":3,"column":34},"end":{"line":3,"column":54}},"3":{"start":{"line":5,"column":33},"end":{"line":5,"column":52}},"4":{"start":{"line":6,"column":33},"end":{"line":6,"column":52}},"5":{"start":{"line":7,"column":30},"end":{"line":7,"column":46}},"6":{"start":{"line":9,"column":37},"end":{"line":9,"column":60}},"7":{"start":{"line":10,"column":37},"end":{"line":10,"column":60}},"8":{"start":{"line":11,"column":34},"end":{"line":11,"column":54}},"9":{"start":{"line":13,"column":40},"end":{"line":13,"column":66}},"10":{"start":{"line":14,"column":40},"end":{"line":14,"column":66}},"11":{"start":{"line":15,"column":37},"end":{"line":15,"column":60}},"12":{"start":{"line":17,"column":40},"end":{"line":17,"column":66}},"13":{"start":{"line":18,"column":40},"end":{"line":18,"column":66}},"14":{"start":{"line":19,"column":37},"end":{"line":19,"column":60}},"15":{"start":{"line":21,"column":29},"end":{"line":21,"column":44}},"16":{"start":{"line":22,"column":29},"end":{"line":22,"column":44}},"17":{"start":{"line":23,"column":26},"end":{"line":23,"column":38}},"18":{"start":{"line":25,"column":30},"end":{"line":25,"column":46}},"19":{"start":{"line":26,"column":30},"end":{"line":26,"column":46}},"20":{"start":{"line":27,"column":27},"end":{"line":27,"column":39}},"21":{"start":{"line":29,"column":32},"end":{"line":29,"column":50}},"22":{"start":{"line":30,"column":32},"end":{"line":30,"column":50}},"23":{"start":{"line":31,"column":29},"end":{"line":31,"column":44}},"24":{"start":{"line":33,"column":27},"end":{"line":33,"column":40}}},"fnMap":{},"branchMap":{},"s":{"0":1,"1":1,"2":1,"3":1,"4":1,"5":1,"6":1,"7":1,"8":1,"9":1,"10":1,"11":1,"12":1,"13":1,"14":1,"15":1,"16":1,"17":1,"18":1,"19":1,"20":1,"21":1,"22":1,"23":1,"24":1},"f":{},"b":{},"_coverageSchema":"1a1c01bbd47fc00a2c39e90264f33305004495a9","hash":"d6f50ec554b76ddcc5abff2f63a50c975775455c"}
,"/Users/yagneshmodh/Documents/projects/css-corp-batch-2/src/middleware/logger.ts": {"path":"/Users/yagneshmodh/Documents/projects/css-corp-batch-2/src/middleware/logger.ts","statementMap":{"0":{"start":{"line":8,"column":2},"end":{"line":19,"column":3}},"1":{"start":{"line":9,"column":2},"end":{"line":19,"column":3}},"2":{"start":{"line":10,"column":2},"end":{"line":19,"column":3}},"3":{"start":{"line":12,"column":20},"end":{"line":12,"column":51}},"4":{"start":{"line":13,"column":4},"end":{"line":16,"column":5}},"5":{"start":{"line":15,"column":6},"end":{"line":15,"column":34}},"6":{"start":{"line":18,"column":4},"end":{"line":18,"column":17}}},"fnMap":{"0":{"name":"(anonymous_0)","decl":{"start":{"line":8,"column":2},"end":{"line":8,"column":3}},"loc":{"start":{"line":9,"column":2},"end":{"line":19,"column":3}},"line":9},"1":{"name":"(anonymous_1)","decl":{"start":{"line":9,"column":2},"end":{"line":9,"column":3}},"loc":{"start":{"line":10,"column":2},"end":{"line":19,"column":3}},"line":10},"2":{"name":"(anonymous_2)","decl":{"start":{"line":10,"column":2},"end":{"line":10,"column":3}},"loc":{"start":{"line":10,"column":14},"end":{"line":19,"column":3}},"line":10}},"branchMap":{"0":{"loc":{"start":{"line":13,"column":4},"end":{"line":16,"column":5}},"type":"if","locations":[{"start":{"line":13,"column":4},"end":{"line":16,"column":5}},{"start":{},"end":{}}],"line":13}},"s":{"0":1,"1":1,"2":1,"3":12,"4":12,"5":4,"6":12},"f":{"0":1,"1":1,"2":12},"b":{"0":[4,8]},"_coverageSchema":"1a1c01bbd47fc00a2c39e90264f33305004495a9","hash":"1688d1e9467c6fa1a2b2735cbafe037bd508d142"}
,"/Users/yagneshmodh/Documents/projects/css-corp-batch-2/src/reducers/cartReducer.ts": {"path":"/Users/yagneshmodh/Documents/projects/css-corp-batch-2/src/reducers/cartReducer.ts","statementMap":{"0":{"start":{"line":11,"column":37},"end":{"line":11,"column":39}},"1":{"start":{"line":13,"column":37},"end":{"line":18,"column":2}},"2":{"start":{"line":15,"column":33},"end":{"line":18,"column":1}},"3":{"start":{"line":20,"column":40},"end":{"line":27,"column":2}},"4":{"start":{"line":23,"column":23},"end":{"line":27,"column":1}},"5":{"start":{"line":29,"column":43},"end":{"line":36,"column":2}},"6":{"start":{"line":32,"column":23},"end":{"line":36,"column":1}},"7":{"start":{"line":38,"column":43},"end":{"line":45,"column":2}},"8":{"start":{"line":41,"column":23},"end":{"line":45,"column":1}},"9":{"start":{"line":51,"column":2},"end":{"line":71,"column":3}},"10":{"start":{"line":53,"column":6},"end":{"line":53,"column":25}},"11":{"start":{"line":56,"column":6},"end":{"line":56,"column":41}},"12":{"start":{"line":59,"column":6},"end":{"line":64,"column":9}},"13":{"start":{"line":60,"column":8},"end":{"line":62,"column":9}},"14":{"start":{"line":61,"column":10},"end":{"line":61,"column":33}},"15":{"start":{"line":63,"column":8},"end":{"line":63,"column":20}},"16":{"start":{"line":67,"column":6},"end":{"line":67,"column":68}},"17":{"start":{"line":67,"column":36},"end":{"line":67,"column":66}},"18":{"start":{"line":70,"column":6},"end":{"line":70,"column":19}}},"fnMap":{"0":{"name":"(anonymous_0)","decl":{"start":{"line":13,"column":37},"end":{"line":13,"column":38}},"loc":{"start":{"line":15,"column":33},"end":{"line":18,"column":1}},"line":15},"1":{"name":"(anonymous_1)","decl":{"start":{"line":20,"column":40},"end":{"line":20,"column":41}},"loc":{"start":{"line":23,"column":23},"end":{"line":27,"column":1}},"line":23},"2":{"name":"(anonymous_2)","decl":{"start":{"line":29,"column":43},"end":{"line":29,"column":44}},"loc":{"start":{"line":32,"column":23},"end":{"line":36,"column":1}},"line":32},"3":{"name":"(anonymous_3)","decl":{"start":{"line":38,"column":43},"end":{"line":38,"column":44}},"loc":{"start":{"line":41,"column":23},"end":{"line":45,"column":1}},"line":41},"4":{"name":"(anonymous_4)","decl":{"start":{"line":47,"column":15},"end":{"line":47,"column":16}},"loc":{"start":{"line":50,"column":5},"end":{"line":72,"column":1}},"line":50},"5":{"name":"(anonymous_5)","decl":{"start":{"line":59,"column":23},"end":{"line":59,"column":24}},"loc":{"start":{"line":59,"column":33},"end":{"line":64,"column":7}},"line":59},"6":{"name":"(anonymous_6)","decl":{"start":{"line":67,"column":26},"end":{"line":67,"column":27}},"loc":{"start":{"line":67,"column":36},"end":{"line":67,"column":66}},"line":67}},"branchMap":{"0":{"loc":{"start":{"line":48,"column":2},"end":{"line":48,"column":38}},"type":"default-arg","locations":[{"start":{"line":48,"column":22},"end":{"line":48,"column":38}}],"line":48},"1":{"loc":{"start":{"line":51,"column":2},"end":{"line":71,"column":3}},"type":"switch","locations":[{"start":{"line":52,"column":4},"end":{"line":53,"column":25}},{"start":{"line":55,"column":4},"end":{"line":56,"column":41}},{"start":{"line":58,"column":4},"end":{"line":64,"column":9}},{"start":{"line":66,"column":4},"end":{"line":67,"column":68}},{"start":{"line":69,"column":4},"end":{"line":70,"column":19}}],"line":51},"2":{"loc":{"start":{"line":60,"column":8},"end":{"line":62,"column":9}},"type":"if","locations":[{"start":{"line":60,"column":8},"end":{"line":62,"column":9}},{"start":{},"end":{}}],"line":60}},"s":{"0":1,"1":1,"2":1,"3":1,"4":0,"5":1,"6":0,"7":1,"8":0,"9":15,"10":1,"11":0,"12":0,"13":0,"14":0,"15":0,"16":0,"17":0,"18":14},"f":{"0":1,"1":0,"2":0,"3":0,"4":15,"5":0,"6":0},"b":{"0":[3],"1":[1,0,0,0,14],"2":[0,0]},"_coverageSchema":"1a1c01bbd47fc00a2c39e90264f33305004495a9","hash":"44ee40a799752c610961769f4dea07629e223f5f"}
,"/Users/yagneshmodh/Documents/projects/css-corp-batch-2/src/reducers/errorReducer.ts": {"path":"/Users/yagneshmodh/Documents/projects/css-corp-batch-2/src/reducers/errorReducer.ts","statementMap":{"0":{"start":{"line":19,"column":38},"end":{"line":22,"column":2}},"1":{"start":{"line":19,"column":79},"end":{"line":22,"column":1}},"2":{"start":{"line":24,"column":35},"end":{"line":27,"column":2}},"3":{"start":{"line":24,"column":76},"end":{"line":27,"column":1}},"4":{"start":{"line":29,"column":31},"end":{"line":32,"column":2}},"5":{"start":{"line":29,"column":72},"end":{"line":32,"column":1}},"6":{"start":{"line":34,"column":34},"end":{"line":37,"column":2}},"7":{"start":{"line":34,"column":75},"end":{"line":37,"column":1}},"8":{"start":{"line":39,"column":32},"end":{"line":42,"column":2}},"9":{"start":{"line":39,"column":73},"end":{"line":42,"column":1}},"10":{"start":{"line":44,"column":37},"end":{"line":51,"column":2}},"11":{"start":{"line":47,"column":33},"end":{"line":51,"column":1}},"12":{"start":{"line":53,"column":40},"end":{"line":60,"column":2}},"13":{"start":{"line":56,"column":33},"end":{"line":60,"column":1}},"14":{"start":{"line":62,"column":40},"end":{"line":69,"column":2}},"15":{"start":{"line":65,"column":33},"end":{"line":69,"column":1}},"16":{"start":{"line":71,"column":26},"end":{"line":74,"column":2}},"17":{"start":{"line":71,"column":62},"end":{"line":74,"column":1}},"18":{"start":{"line":85,"column":18},"end":{"line":85,"column":50}},"19":{"start":{"line":86,"column":2},"end":{"line":101,"column":3}},"20":{"start":{"line":87,"column":15},"end":{"line":87,"column":47}},"21":{"start":{"line":89,"column":4},"end":{"line":91,"column":5}},"22":{"start":{"line":90,"column":6},"end":{"line":90,"column":57}},"23":{"start":{"line":93,"column":57},"end":{"line":93,"column":62}},"24":{"start":{"line":95,"column":4},"end":{"line":95,"column":19}},"25":{"start":{"line":96,"column":9},"end":{"line":101,"column":3}},"26":{"start":{"line":97,"column":45},"end":{"line":97,"column":50}},"27":{"start":{"line":98,"column":4},"end":{"line":98,"column":19}},"28":{"start":{"line":100,"column":4},"end":{"line":100,"column":17}}},"fnMap":{"0":{"name":"(anonymous_0)","decl":{"start":{"line":19,"column":38},"end":{"line":19,"column":39}},"loc":{"start":{"line":19,"column":79},"end":{"line":22,"column":1}},"line":19},"1":{"name":"(anonymous_1)","decl":{"start":{"line":24,"column":35},"end":{"line":24,"column":36}},"loc":{"start":{"line":24,"column":76},"end":{"line":27,"column":1}},"line":24},"2":{"name":"(anonymous_2)","decl":{"start":{"line":29,"column":31},"end":{"line":29,"column":32}},"loc":{"start":{"line":29,"column":72},"end":{"line":32,"column":1}},"line":29},"3":{"name":"(anonymous_3)","decl":{"start":{"line":34,"column":34},"end":{"line":34,"column":35}},"loc":{"start":{"line":34,"column":75},"end":{"line":37,"column":1}},"line":34},"4":{"name":"(anonymous_4)","decl":{"start":{"line":39,"column":32},"end":{"line":39,"column":33}},"loc":{"start":{"line":39,"column":73},"end":{"line":42,"column":1}},"line":39},"5":{"name":"(anonymous_5)","decl":{"start":{"line":44,"column":37},"end":{"line":44,"column":38}},"loc":{"start":{"line":47,"column":33},"end":{"line":51,"column":1}},"line":47},"6":{"name":"(anonymous_6)","decl":{"start":{"line":53,"column":40},"end":{"line":53,"column":41}},"loc":{"start":{"line":56,"column":33},"end":{"line":60,"column":1}},"line":56},"7":{"name":"(anonymous_7)","decl":{"start":{"line":62,"column":40},"end":{"line":62,"column":41}},"loc":{"start":{"line":65,"column":33},"end":{"line":69,"column":1}},"line":65},"8":{"name":"(anonymous_8)","decl":{"start":{"line":71,"column":26},"end":{"line":71,"column":27}},"loc":{"start":{"line":71,"column":62},"end":{"line":74,"column":1}},"line":71},"9":{"name":"(anonymous_9)","decl":{"start":{"line":81,"column":15},"end":{"line":81,"column":16}},"loc":{"start":{"line":84,"column":5},"end":{"line":102,"column":1}},"line":84}},"branchMap":{"0":{"loc":{"start":{"line":82,"column":2},"end":{"line":82,"column":17}},"type":"default-arg","locations":[{"start":{"line":82,"column":15},"end":{"line":82,"column":17}}],"line":82},"1":{"loc":{"start":{"line":86,"column":2},"end":{"line":101,"column":3}},"type":"if","locations":[{"start":{"line":86,"column":2},"end":{"line":101,"column":3}},{"start":{"line":96,"column":9},"end":{"line":101,"column":3}}],"line":86},"2":{"loc":{"start":{"line":87,"column":15},"end":{"line":87,"column":47}},"type":"cond-expr","locations":[{"start":{"line":87,"column":27},"end":{"line":87,"column":42}},{"start":{"line":87,"column":45},"end":{"line":87,"column":47}}],"line":87},"3":{"loc":{"start":{"line":89,"column":4},"end":{"line":91,"column":5}},"type":"if","locations":[{"start":{"line":89,"column":4},"end":{"line":91,"column":5}},{"start":{},"end":{}}],"line":89},"4":{"loc":{"start":{"line":96,"column":9},"end":{"line":101,"column":3}},"type":"if","locations":[{"start":{"line":96,"column":9},"end":{"line":101,"column":3}},{"start":{"line":99,"column":9},"end":{"line":101,"column":3}}],"line":96}},"s":{"0":1,"1":2,"2":1,"3":2,"4":1,"5":0,"6":1,"7":0,"8":1,"9":0,"10":1,"11":0,"12":1,"13":0,"14":1,"15":0,"16":1,"17":0,"18":15,"19":15,"20":10,"21":10,"22":4,"23":6,"24":6,"25":5,"26":0,"27":0,"28":5},"f":{"0":2,"1":2,"2":0,"3":0,"4":0,"5":0,"6":0,"7":0,"8":0,"9":15},"b":{"0":[3],"1":[10,5],"2":[0,10],"3":[4,6],"4":[0,5]},"_coverageSchema":"1a1c01bbd47fc00a2c39e90264f33305004495a9","hash":"76597e5c064b95d1454a5290d8b6b96ace56c8a5"}
,"/Users/yagneshmodh/Documents/projects/css-corp-batch-2/src/reducers/index.ts": {"path":"/Users/yagneshmodh/Documents/projects/css-corp-batch-2/src/reducers/index.ts","statementMap":{"0":{"start":{"line":8,"column":20},"end":{"line":8,"column":77}}},"fnMap":{},"branchMap":{},"s":{"0":1},"f":{},"b":{},"_coverageSchema":"1a1c01bbd47fc00a2c39e90264f33305004495a9","hash":"9bba27805097125deab83f230b33563533c20a68"}
,"/Users/yagneshmodh/Documents/projects/css-corp-batch-2/src/reducers/loadingReducer.ts": {"path":"/Users/yagneshmodh/Documents/projects/css-corp-batch-2/src/reducers/loadingReducer.ts","statementMap":{"0":{"start":{"line":25,"column":40},"end":{"line":27,"column":2}},"1":{"start":{"line":25,"column":70},"end":{"line":27,"column":1}},"2":{"start":{"line":29,"column":37},"end":{"line":31,"column":2}},"3":{"start":{"line":29,"column":67},"end":{"line":31,"column":1}},"4":{"start":{"line":33,"column":40},"end":{"line":38,"column":2}},"5":{"start":{"line":35,"column":36},"end":{"line":38,"column":1}},"6":{"start":{"line":40,"column":43},"end":{"line":46,"column":2}},"7":{"start":{"line":42,"column":39},"end":{"line":46,"column":1}},"8":{"start":{"line":48,"column":43},"end":{"line":54,"column":2}},"9":{"start":{"line":50,"column":39},"end":{"line":54,"column":1}},"10":{"start":{"line":56,"column":34},"end":{"line":63,"column":2}},"11":{"start":{"line":59,"column":30},"end":{"line":63,"column":1}},"12":{"start":{"line":65,"column":37},"end":{"line":72,"column":2}},"13":{"start":{"line":68,"column":33},"end":{"line":72,"column":1}},"14":{"start":{"line":74,"column":35},"end":{"line":76,"column":2}},"15":{"start":{"line":74,"column":67},"end":{"line":76,"column":1}},"16":{"start":{"line":87,"column":18},"end":{"line":87,"column":58}},"17":{"start":{"line":88,"column":2},"end":{"line":88,"column":29}},"18":{"start":{"line":88,"column":16},"end":{"line":88,"column":29}},"19":{"start":{"line":90,"column":13},"end":{"line":90,"column":45}},"20":{"start":{"line":92,"column":2},"end":{"line":94,"column":3}},"21":{"start":{"line":93,"column":4},"end":{"line":93,"column":54}},"22":{"start":{"line":96,"column":55},"end":{"line":96,"column":60}},"23":{"start":{"line":98,"column":2},"end":{"line":98,"column":17}}},"fnMap":{"0":{"name":"(anonymous_0)","decl":{"start":{"line":25,"column":40},"end":{"line":25,"column":41}},"loc":{"start":{"line":25,"column":70},"end":{"line":27,"column":1}},"line":25},"1":{"name":"(anonymous_1)","decl":{"start":{"line":29,"column":37},"end":{"line":29,"column":38}},"loc":{"start":{"line":29,"column":67},"end":{"line":31,"column":1}},"line":29},"2":{"name":"(anonymous_2)","decl":{"start":{"line":33,"column":40},"end":{"line":33,"column":41}},"loc":{"start":{"line":35,"column":36},"end":{"line":38,"column":1}},"line":35},"3":{"name":"(anonymous_3)","decl":{"start":{"line":40,"column":43},"end":{"line":40,"column":44}},"loc":{"start":{"line":42,"column":39},"end":{"line":46,"column":1}},"line":42},"4":{"name":"(anonymous_4)","decl":{"start":{"line":48,"column":43},"end":{"line":48,"column":44}},"loc":{"start":{"line":50,"column":39},"end":{"line":54,"column":1}},"line":50},"5":{"name":"(anonymous_5)","decl":{"start":{"line":56,"column":34},"end":{"line":56,"column":35}},"loc":{"start":{"line":59,"column":30},"end":{"line":63,"column":1}},"line":59},"6":{"name":"(anonymous_6)","decl":{"start":{"line":65,"column":37},"end":{"line":65,"column":38}},"loc":{"start":{"line":68,"column":33},"end":{"line":72,"column":1}},"line":68},"7":{"name":"(anonymous_7)","decl":{"start":{"line":74,"column":35},"end":{"line":74,"column":36}},"loc":{"start":{"line":74,"column":67},"end":{"line":76,"column":1}},"line":74},"8":{"name":"(anonymous_8)","decl":{"start":{"line":86,"column":15},"end":{"line":86,"column":16}},"loc":{"start":{"line":86,"column":76},"end":{"line":99,"column":1}},"line":86}},"branchMap":{"0":{"loc":{"start":{"line":86,"column":16},"end":{"line":86,"column":31}},"type":"default-arg","locations":[{"start":{"line":86,"column":29},"end":{"line":86,"column":31}}],"line":86},"1":{"loc":{"start":{"line":88,"column":2},"end":{"line":88,"column":29}},"type":"if","locations":[{"start":{"line":88,"column":2},"end":{"line":88,"column":29}},{"start":{},"end":{}}],"line":88},"2":{"loc":{"start":{"line":90,"column":13},"end":{"line":90,"column":45}},"type":"cond-expr","locations":[{"start":{"line":90,"column":25},"end":{"line":90,"column":40}},{"start":{"line":90,"column":43},"end":{"line":90,"column":45}}],"line":90},"3":{"loc":{"start":{"line":92,"column":2},"end":{"line":94,"column":3}},"type":"if","locations":[{"start":{"line":92,"column":2},"end":{"line":94,"column":3}},{"start":{},"end":{}}],"line":92}},"s":{"0":1,"1":3,"2":1,"3":3,"4":1,"5":0,"6":1,"7":0,"8":1,"9":0,"10":1,"11":0,"12":1,"13":0,"14":1,"15":0,"16":15,"17":15,"18":3,"19":12,"20":12,"21":6,"22":6,"23":6},"f":{"0":3,"1":3,"2":0,"3":0,"4":0,"5":0,"6":0,"7":0,"8":15},"b":{"0":[3],"1":[3,12],"2":[0,12],"3":[6,6]},"_coverageSchema":"1a1c01bbd47fc00a2c39e90264f33305004495a9","hash":"974cd95d67636ffb72ffce6717c28a555b0c4772"}
,"/Users/yagneshmodh/Documents/projects/css-corp-batch-2/src/reducers/productsReducer.ts": {"path":"/Users/yagneshmodh/Documents/projects/css-corp-batch-2/src/reducers/productsReducer.ts","statementMap":{"0":{"start":{"line":5,"column":35},"end":{"line":10,"column":2}},"1":{"start":{"line":7,"column":36},"end":{"line":10,"column":1}},"2":{"start":{"line":12,"column":50},"end":{"line":12,"column":52}},"3":{"start":{"line":18,"column":2},"end":{"line":25,"column":3}},"4":{"start":{"line":20,"column":6},"end":{"line":20,"column":25}},"5":{"start":{"line":24,"column":6},"end":{"line":24,"column":19}}},"fnMap":{"0":{"name":"(anonymous_0)","decl":{"start":{"line":5,"column":35},"end":{"line":5,"column":36}},"loc":{"start":{"line":7,"column":36},"end":{"line":10,"column":1}},"line":7},"1":{"name":"(anonymous_1)","decl":{"start":{"line":14,"column":15},"end":{"line":14,"column":16}},"loc":{"start":{"line":17,"column":5},"end":{"line":26,"column":1}},"line":17}},"branchMap":{"0":{"loc":{"start":{"line":15,"column":2},"end":{"line":15,"column":44}},"type":"default-arg","locations":[{"start":{"line":15,"column":25},"end":{"line":15,"column":44}}],"line":15},"1":{"loc":{"start":{"line":18,"column":2},"end":{"line":25,"column":3}},"type":"switch","locations":[{"start":{"line":19,"column":4},"end":{"line":21,"column":5}},{"start":{"line":23,"column":4},"end":{"line":24,"column":19}}],"line":18}},"s":{"0":1,"1":1,"2":1,"3":15,"4":1,"5":14},"f":{"0":1,"1":15},"b":{"0":[3],"1":[1,14]},"_coverageSchema":"1a1c01bbd47fc00a2c39e90264f33305004495a9","hash":"6ab46d746e0d3f38d714fc3e6da6540b222d7571"}
,"/Users/yagneshmodh/Documents/projects/css-corp-batch-2/src/reducers/userReducer.ts": {"path":"/Users/yagneshmodh/Documents/projects/css-corp-batch-2/src/reducers/userReducer.ts","statementMap":{"0":{"start":{"line":9,"column":34},"end":{"line":12,"column":2}},"1":{"start":{"line":9,"column":74},"end":{"line":12,"column":1}},"2":{"start":{"line":14,"column":37},"end":{"line":17,"column":2}},"3":{"start":{"line":14,"column":77},"end":{"line":17,"column":1}},"4":{"start":{"line":19,"column":35},"end":{"line":21,"column":2}},"5":{"start":{"line":19,"column":67},"end":{"line":21,"column":1}},"6":{"start":{"line":23,"column":21},"end":{"line":23,"column":31}},"7":{"start":{"line":29,"column":2},"end":{"line":39,"column":3}},"8":{"start":{"line":32,"column":6},"end":{"line":32,"column":35}},"9":{"start":{"line":35,"column":6},"end":{"line":35,"column":26}},"10":{"start":{"line":38,"column":6},"end":{"line":38,"column":19}}},"fnMap":{"0":{"name":"(anonymous_0)","decl":{"start":{"line":9,"column":34},"end":{"line":9,"column":35}},"loc":{"start":{"line":9,"column":74},"end":{"line":12,"column":1}},"line":9},"1":{"name":"(anonymous_1)","decl":{"start":{"line":14,"column":37},"end":{"line":14,"column":38}},"loc":{"start":{"line":14,"column":77},"end":{"line":17,"column":1}},"line":14},"2":{"name":"(anonymous_2)","decl":{"start":{"line":19,"column":35},"end":{"line":19,"column":36}},"loc":{"start":{"line":19,"column":67},"end":{"line":21,"column":1}},"line":19},"3":{"name":"(anonymous_3)","decl":{"start":{"line":25,"column":15},"end":{"line":25,"column":16}},"loc":{"start":{"line":28,"column":5},"end":{"line":40,"column":1}},"line":28}},"branchMap":{"0":{"loc":{"start":{"line":26,"column":2},"end":{"line":26,"column":28}},"type":"default-arg","locations":[{"start":{"line":26,"column":16},"end":{"line":26,"column":28}}],"line":26},"1":{"loc":{"start":{"line":29,"column":2},"end":{"line":39,"column":3}},"type":"switch","locations":[{"start":{"line":30,"column":4},"end":{"line":30,"column":23}},{"start":{"line":31,"column":4},"end":{"line":32,"column":35}},{"start":{"line":34,"column":4},"end":{"line":35,"column":26}},{"start":{"line":37,"column":4},"end":{"line":38,"column":19}}],"line":29}},"s":{"0":1,"1":0,"2":1,"3":0,"4":1,"5":0,"6":1,"7":15,"8":0,"9":0,"10":15},"f":{"0":0,"1":0,"2":0,"3":15},"b":{"0":[3],"1":[0,0,0,15]},"_coverageSchema":"1a1c01bbd47fc00a2c39e90264f33305004495a9","hash":"1f491435a788b99449a7188842f5e45df3dcd768"}
,"/Users/yagneshmodh/Documents/projects/css-corp-batch-2/src/sagas/cartSaga.ts": {"path":"/Users/yagneshmodh/Documents/projects/css-corp-batch-2/src/sagas/cartSaga.ts","statementMap":{"0":{"start":{"line":38,"column":2},"end":{"line":50,"column":3}},"1":{"start":{"line":39,"column":43},"end":{"line":42,"column":5}},"2":{"start":{"line":43,"column":4},"end":{"line":43,"column":47}},"3":{"start":{"line":45,"column":18},"end":{"line":45,"column":68}},"4":{"start":{"line":46,"column":4},"end":{"line":48,"column":5}},"5":{"start":{"line":47,"column":6},"end":{"line":47,"column":30}},"6":{"start":{"line":49,"column":4},"end":{"line":49,"column":44}},"7":{"start":{"line":54,"column":2},"end":{"line":70,"column":3}},"8":{"start":{"line":55,"column":41},"end":{"line":62,"column":5}},"9":{"start":{"line":63,"column":4},"end":{"line":63,"column":66}},"10":{"start":{"line":65,"column":18},"end":{"line":65,"column":68}},"11":{"start":{"line":66,"column":4},"end":{"line":68,"column":5}},"12":{"start":{"line":67,"column":6},"end":{"line":67,"column":30}},"13":{"start":{"line":69,"column":4},"end":{"line":69,"column":62}},"14":{"start":{"line":77,"column":2},"end":{"line":90,"column":3}},"15":{"start":{"line":78,"column":41},"end":{"line":82,"column":5}},"16":{"start":{"line":83,"column":4},"end":{"line":83,"column":64}},"17":{"start":{"line":85,"column":18},"end":{"line":85,"column":68}},"18":{"start":{"line":86,"column":4},"end":{"line":88,"column":5}},"19":{"start":{"line":87,"column":6},"end":{"line":87,"column":30}},"20":{"start":{"line":89,"column":4},"end":{"line":89,"column":60}},"21":{"start":{"line":97,"column":2},"end":{"line":106,"column":3}},"22":{"start":{"line":98,"column":4},"end":{"line":98,"column":64}},"23":{"start":{"line":99,"column":4},"end":{"line":99,"column":64}},"24":{"start":{"line":101,"column":18},"end":{"line":101,"column":68}},"25":{"start":{"line":102,"column":4},"end":{"line":104,"column":5}},"26":{"start":{"line":103,"column":6},"end":{"line":103,"column":30}},"27":{"start":{"line":105,"column":4},"end":{"line":105,"column":60}},"28":{"start":{"line":110,"column":2},"end":{"line":110,"column":47}},"29":{"start":{"line":114,"column":2},"end":{"line":114,"column":55}},"30":{"start":{"line":118,"column":2},"end":{"line":118,"column":61}},"31":{"start":{"line":122,"column":2},"end":{"line":122,"column":61}},"32":{"start":{"line":126,"column":2},"end":{"line":131,"column":5}}},"fnMap":{"0":{"name":"loadCart","decl":{"start":{"line":37,"column":10},"end":{"line":37,"column":18}},"loc":{"start":{"line":37,"column":21},"end":{"line":51,"column":1}},"line":37},"1":{"name":"addCartItem","decl":{"start":{"line":53,"column":10},"end":{"line":53,"column":21}},"loc":{"start":{"line":53,"column":67},"end":{"line":71,"column":1}},"line":53},"2":{"name":"updateCartItem","decl":{"start":{"line":73,"column":10},"end":{"line":73,"column":24}},"loc":{"start":{"line":76,"column":36},"end":{"line":91,"column":1}},"line":76},"3":{"name":"deleteCartItem","decl":{"start":{"line":93,"column":10},"end":{"line":93,"column":24}},"loc":{"start":{"line":96,"column":36},"end":{"line":107,"column":1}},"line":96},"4":{"name":"loadCartRequest","decl":{"start":{"line":109,"column":10},"end":{"line":109,"column":25}},"loc":{"start":{"line":109,"column":28},"end":{"line":111,"column":1}},"line":109},"5":{"name":"addCartItemRequest","decl":{"start":{"line":113,"column":10},"end":{"line":113,"column":28}},"loc":{"start":{"line":113,"column":31},"end":{"line":115,"column":1}},"line":113},"6":{"name":"updateCartItemRequest","decl":{"start":{"line":117,"column":10},"end":{"line":117,"column":31}},"loc":{"start":{"line":117,"column":34},"end":{"line":119,"column":1}},"line":117},"7":{"name":"deleteCartItemRequest","decl":{"start":{"line":121,"column":10},"end":{"line":121,"column":31}},"loc":{"start":{"line":121,"column":34},"end":{"line":123,"column":1}},"line":121},"8":{"name":"rootCart","decl":{"start":{"line":125,"column":25},"end":{"line":125,"column":33}},"loc":{"start":{"line":125,"column":36},"end":{"line":132,"column":1}},"line":125}},"branchMap":{"0":{"loc":{"start":{"line":46,"column":4},"end":{"line":48,"column":5}},"type":"if","locations":[{"start":{"line":46,"column":4},"end":{"line":48,"column":5}},{"start":{},"end":{}}],"line":46},"1":{"loc":{"start":{"line":63,"column":49},"end":{"line":63,"column":63}},"type":"binary-expr","locations":[{"start":{"line":63,"column":49},"end":{"line":63,"column":58}},{"start":{"line":63,"column":62},"end":{"line":63,"column":63}}],"line":63},"2":{"loc":{"start":{"line":66,"column":4},"end":{"line":68,"column":5}},"type":"if","locations":[{"start":{"line":66,"column":4},"end":{"line":68,"column":5}},{"start":{},"end":{}}],"line":66},"3":{"loc":{"start":{"line":69,"column":45},"end":{"line":69,"column":59}},"type":"binary-expr","locations":[{"start":{"line":69,"column":45},"end":{"line":69,"column":54}},{"start":{"line":69,"column":58},"end":{"line":69,"column":59}}],"line":69},"4":{"loc":{"start":{"line":86,"column":4},"end":{"line":88,"column":5}},"type":"if","locations":[{"start":{"line":86,"column":4},"end":{"line":88,"column":5}},{"start":{},"end":{}}],"line":86},"5":{"loc":{"start":{"line":102,"column":4},"end":{"line":104,"column":5}},"type":"if","locations":[{"start":{"line":102,"column":4},"end":{"line":104,"column":5}},{"start":{},"end":{}}],"line":102}},"s":{"0":3,"1":3,"2":1,"3":2,"4":2,"5":2,"6":2,"7":0,"8":0,"9":0,"10":0,"11":0,"12":0,"13":0,"14":0,"15":0,"16":0,"17":0,"18":0,"19":0,"20":0,"21":0,"22":0,"23":0,"24":0,"25":0,"26":0,"27":0,"28":1,"29":1,"30":1,"31":1,"32":1},"f":{"0":3,"1":0,"2":0,"3":0,"4":1,"5":1,"6":1,"7":1,"8":1},"b":{"0":[2,0],"1":[0,0],"2":[0,0],"3":[0,0],"4":[0,0],"5":[0,0]},"_coverageSchema":"1a1c01bbd47fc00a2c39e90264f33305004495a9","hash":"f67a6cbbc766d4d44e82297c0fba722922a1af56"}
,"/Users/yagneshmodh/Documents/projects/css-corp-batch-2/src/sagas/index.ts": {"path":"/Users/yagneshmodh/Documents/projects/css-corp-batch-2/src/sagas/index.ts","statementMap":{"0":{"start":{"line":7,"column":2},"end":{"line":7,"column":66}}},"fnMap":{"0":{"name":"rootSaga","decl":{"start":{"line":6,"column":25},"end":{"line":6,"column":33}},"loc":{"start":{"line":6,"column":36},"end":{"line":8,"column":1}},"line":6}},"branchMap":{},"s":{"0":1},"f":{"0":1},"b":{},"_coverageSchema":"1a1c01bbd47fc00a2c39e90264f33305004495a9","hash":"5167df1151f840a29e8014ba4bc18702c834bf7f"}
,"/Users/yagneshmodh/Documents/projects/css-corp-batch-2/src/sagas/productsSaga.ts": {"path":"/Users/yagneshmodh/Documents/projects/css-corp-batch-2/src/sagas/productsSaga.ts","statementMap":{"0":{"start":{"line":10,"column":2},"end":{"line":23,"column":3}},"1":{"start":{"line":11,"column":46},"end":{"line":14,"column":5}},"2":{"start":{"line":16,"column":4},"end":{"line":16,"column":45}},"3":{"start":{"line":18,"column":18},"end":{"line":18,"column":68}},"4":{"start":{"line":19,"column":4},"end":{"line":21,"column":5}},"5":{"start":{"line":20,"column":6},"end":{"line":20,"column":30}},"6":{"start":{"line":22,"column":4},"end":{"line":22,"column":47}},"7":{"start":{"line":27,"column":2},"end":{"line":27,"column":55}}},"fnMap":{"0":{"name":"loadProducts","decl":{"start":{"line":9,"column":10},"end":{"line":9,"column":22}},"loc":{"start":{"line":9,"column":25},"end":{"line":24,"column":1}},"line":9},"1":{"name":"rootProducts","decl":{"start":{"line":26,"column":25},"end":{"line":26,"column":37}},"loc":{"start":{"line":26,"column":40},"end":{"line":28,"column":1}},"line":26}},"branchMap":{"0":{"loc":{"start":{"line":19,"column":4},"end":{"line":21,"column":5}},"type":"if","locations":[{"start":{"line":19,"column":4},"end":{"line":21,"column":5}},{"start":{},"end":{}}],"line":19}},"s":{"0":3,"1":3,"2":1,"3":2,"4":2,"5":2,"6":2,"7":1},"f":{"0":3,"1":1},"b":{"0":[2,0]},"_coverageSchema":"1a1c01bbd47fc00a2c39e90264f33305004495a9","hash":"c451d6ddfc9aebf2c5a38bc9a3806ce69a167e45"}
,"/Users/yagneshmodh/Documents/projects/css-corp-batch-2/src/sagas/userSaga.ts": {"path":"/Users/yagneshmodh/Documents/projects/css-corp-batch-2/src/sagas/userSaga.ts","statementMap":{"0":{"start":{"line":26,"column":2},"end":{"line":43,"column":3}},"1":{"start":{"line":27,"column":50},"end":{"line":27,"column":56}},"2":{"start":{"line":28,"column":41},"end":{"line":32,"column":5}},"3":{"start":{"line":33,"column":4},"end":{"line":33,"column":24}},"4":{"start":{"line":34,"column":4},"end":{"line":34,"column":63}},"5":{"start":{"line":35,"column":4},"end":{"line":35,"column":49}},"6":{"start":{"line":37,"column":18},"end":{"line":37,"column":68}},"7":{"start":{"line":38,"column":4},"end":{"line":40,"column":5}},"8":{"start":{"line":39,"column":6},"end":{"line":39,"column":30}},"9":{"start":{"line":41,"column":4},"end":{"line":41,"column":48}},"10":{"start":{"line":42,"column":4},"end":{"line":42,"column":40}},"11":{"start":{"line":47,"column":2},"end":{"line":66,"column":3}},"12":{"start":{"line":48,"column":54},"end":{"line":48,"column":60}},"13":{"start":{"line":49,"column":41},"end":{"line":53,"column":5}},"14":{"start":{"line":54,"column":4},"end":{"line":54,"column":24}},"15":{"start":{"line":55,"column":4},"end":{"line":55,"column":63}},"16":{"start":{"line":56,"column":4},"end":{"line":56,"column":52}},"17":{"start":{"line":58,"column":18},"end":{"line":58,"column":68}},"18":{"start":{"line":59,"column":4},"end":{"line":61,"column":5}},"19":{"start":{"line":60,"column":6},"end":{"line":60,"column":30}},"20":{"start":{"line":62,"column":4},"end":{"line":62,"column":60}},"21":{"start":{"line":63,"column":4},"end":{"line":63,"column":43}},"22":{"start":{"line":65,"column":4},"end":{"line":65,"column":33}},"23":{"start":{"line":70,"column":2},"end":{"line":79,"column":3}},"24":{"start":{"line":71,"column":4},"end":{"line":71,"column":44}},"25":{"start":{"line":72,"column":4},"end":{"line":72,"column":37}},"26":{"start":{"line":74,"column":18},"end":{"line":74,"column":68}},"27":{"start":{"line":75,"column":4},"end":{"line":77,"column":5}},"28":{"start":{"line":76,"column":6},"end":{"line":76,"column":30}},"29":{"start":{"line":78,"column":4},"end":{"line":78,"column":41}},"30":{"start":{"line":83,"column":2},"end":{"line":83,"column":47}},"31":{"start":{"line":87,"column":2},"end":{"line":87,"column":41}},"32":{"start":{"line":91,"column":2},"end":{"line":91,"column":43}},"33":{"start":{"line":95,"column":2},"end":{"line":95,"column":78}}},"fnMap":{"0":{"name":"login","decl":{"start":{"line":25,"column":10},"end":{"line":25,"column":15}},"loc":{"start":{"line":25,"column":61},"end":{"line":44,"column":1}},"line":25},"1":{"name":"register","decl":{"start":{"line":46,"column":10},"end":{"line":46,"column":18}},"loc":{"start":{"line":46,"column":67},"end":{"line":67,"column":1}},"line":46},"2":{"name":"logout","decl":{"start":{"line":69,"column":10},"end":{"line":69,"column":16}},"loc":{"start":{"line":69,"column":19},"end":{"line":80,"column":1}},"line":69},"3":{"name":"registerRequest","decl":{"start":{"line":82,"column":10},"end":{"line":82,"column":25}},"loc":{"start":{"line":82,"column":28},"end":{"line":84,"column":1}},"line":82},"4":{"name":"loginRequest","decl":{"start":{"line":86,"column":10},"end":{"line":86,"column":22}},"loc":{"start":{"line":86,"column":25},"end":{"line":88,"column":1}},"line":86},"5":{"name":"logoutRequest","decl":{"start":{"line":90,"column":10},"end":{"line":90,"column":23}},"loc":{"start":{"line":90,"column":26},"end":{"line":92,"column":1}},"line":90},"6":{"name":"rootUser","decl":{"start":{"line":94,"column":25},"end":{"line":94,"column":33}},"loc":{"start":{"line":94,"column":36},"end":{"line":96,"column":1}},"line":94}},"branchMap":{"0":{"loc":{"start":{"line":38,"column":4},"end":{"line":40,"column":5}},"type":"if","locations":[{"start":{"line":38,"column":4},"end":{"line":40,"column":5}},{"start":{},"end":{}}],"line":38},"1":{"loc":{"start":{"line":59,"column":4},"end":{"line":61,"column":5}},"type":"if","locations":[{"start":{"line":59,"column":4},"end":{"line":61,"column":5}},{"start":{},"end":{}}],"line":59},"2":{"loc":{"start":{"line":75,"column":4},"end":{"line":77,"column":5}},"type":"if","locations":[{"start":{"line":75,"column":4},"end":{"line":77,"column":5}},{"start":{},"end":{}}],"line":75}},"s":{"0":0,"1":0,"2":0,"3":0,"4":0,"5":0,"6":0,"7":0,"8":0,"9":0,"10":0,"11":0,"12":0,"13":0,"14":0,"15":0,"16":0,"17":0,"18":0,"19":0,"20":0,"21":0,"22":0,"23":0,"24":0,"25":0,"26":0,"27":0,"28":0,"29":0,"30":1,"31":1,"32":1,"33":1},"f":{"0":0,"1":0,"2":0,"3":1,"4":1,"5":1,"6":1},"b":{"0":[0,0],"1":[0,0],"2":[0,0]},"_coverageSchema":"1a1c01bbd47fc00a2c39e90264f33305004495a9","hash":"d7c0f02dd86c3f41a7fa7f8b3507edd250e13e1a"}
,"/Users/yagneshmodh/Documents/projects/css-corp-batch-2/src/utils/axios.ts": {"path":"/Users/yagneshmodh/Documents/projects/css-corp-batch-2/src/utils/axios.ts","statementMap":{"0":{"start":{"line":3,"column":22},"end":{"line":7,"column":2}},"1":{"start":{"line":9,"column":0},"end":{"line":25,"column":2}},"2":{"start":{"line":12,"column":18},"end":{"line":12,"column":54}},"3":{"start":{"line":13,"column":4},"end":{"line":18,"column":5}},"4":{"start":{"line":14,"column":6},"end":{"line":17,"column":8}},"5":{"start":{"line":19,"column":4},"end":{"line":19,"column":18}},"6":{"start":{"line":23,"column":4},"end":{"line":23,"column":33}},"7":{"start":{"line":28,"column":0},"end":{"line":44,"column":2}},"8":{"start":{"line":32,"column":4},"end":{"line":32,"column":20}},"9":{"start":{"line":38,"column":4},"end":{"line":42,"column":5}},"10":{"start":{"line":39,"column":6},"end":{"line":39,"column":78}},"11":{"start":{"line":41,"column":6},"end":{"line":41,"column":35}}},"fnMap":{"0":{"name":"(anonymous_0)","decl":{"start":{"line":10,"column":2},"end":{"line":10,"column":3}},"loc":{"start":{"line":10,"column":20},"end":{"line":20,"column":3}},"line":10},"1":{"name":"(anonymous_1)","decl":{"start":{"line":21,"column":2},"end":{"line":21,"column":3}},"loc":{"start":{"line":21,"column":19},"end":{"line":24,"column":3}},"line":21},"2":{"name":"(anonymous_2)","decl":{"start":{"line":29,"column":2},"end":{"line":29,"column":3}},"loc":{"start":{"line":29,"column":22},"end":{"line":33,"column":3}},"line":29},"3":{"name":"(anonymous_3)","decl":{"start":{"line":34,"column":2},"end":{"line":34,"column":3}},"loc":{"start":{"line":34,"column":19},"end":{"line":43,"column":3}},"line":34}},"branchMap":{"0":{"loc":{"start":{"line":13,"column":4},"end":{"line":18,"column":5}},"type":"if","locations":[{"start":{"line":13,"column":4},"end":{"line":18,"column":5}},{"start":{},"end":{}}],"line":13},"1":{"loc":{"start":{"line":38,"column":4},"end":{"line":42,"column":5}},"type":"if","locations":[{"start":{"line":38,"column":4},"end":{"line":42,"column":5}},{"start":{"line":40,"column":11},"end":{"line":42,"column":5}}],"line":38},"2":{"loc":{"start":{"line":39,"column":38},"end":{"line":39,"column":75}},"type":"binary-expr","locations":[{"start":{"line":39,"column":38},"end":{"line":39,"column":58}},{"start":{"line":39,"column":62},"end":{"line":39,"column":75}}],"line":39}},"s":{"0":1,"1":1,"2":6,"3":6,"4":0,"5":6,"6":0,"7":1,"8":2,"9":4,"10":4,"11":0},"f":{"0":6,"1":0,"2":2,"3":4},"b":{"0":[0,6],"1":[4,0],"2":[4,4]},"_coverageSchema":"1a1c01bbd47fc00a2c39e90264f33305004495a9","hash":"c784d3c9278ed1a2e67590b1c22438b3ecacc072"}
}
