{"/Users/yagneshmodh/Documents/projects/css-corp-batch-2/src/components/Button/index.tsx": {"path":"/Users/yagneshmodh/Documents/projects/css-corp-batch-2/src/components/Button/index.tsx","statementMap":{"0":{"start":{"line":6,"column":15},"end":{"line":30,"column":1}},"1":{"start":{"line":7,"column":2},"end":{"line":7,"column":20}},"2":{"start":{"line":8,"column":2},"end":{"line":29,"column":4}}},"fnMap":{"0":{"name":"(anonymous_0)","decl":{"start":{"line":6,"column":15},"end":{"line":6,"column":16}},"loc":{"start":{"line":6,"column":62},"end":{"line":30,"column":1}},"line":6}},"branchMap":{"0":{"loc":{"start":{"line":19,"column":7},"end":{"line":26,"column":7}},"type":"binary-expr","locations":[{"start":{"line":19,"column":7},"end":{"line":19,"column":11}},{"start":{"line":20,"column":8},"end":{"line":25,"column":15}}],"line":19}},"s":{"0":1,"1":5,"2":5},"f":{"0":5},"b":{"0":[5,1]},"_coverageSchema":"1a1c01bbd47fc00a2c39e90264f33305004495a9","hash":"16da60f6337b4d7b74225a6ebd9b41e370ee23c6"}
}
