TN:
SF:src/configureStore.ts
FNF:0
FNH:0
DA:7,1
DA:9,1
DA:12,1
DA:14,1
DA:19,1
LF:5
LH:5
BRDA:12,0,0,1
BRDA:12,0,1,1
BRF:2
BRH:2
end_of_record
TN:
SF:src/Pages/Home/Home.tsx
FN:12,(anonymous_0)
FN:13,(anonymous_1)
FN:25,(anonymous_2)
FNF:3
FNH:3
FNDA:12,(anonymous_0)
FNDA:3,(anonymous_1)
FNDA:2,(anonymous_2)
DA:12,1
DA:13,12
DA:14,3
DA:15,3
DA:18,12
DA:26,2
LF:6
LH:6
BRDA:20,0,0,12
BRDA:20,0,1,9
BRDA:20,0,2,6
BRF:3
BRH:3
end_of_record
TN:
SF:src/Pages/Home/index.ts
FN:9,(anonymous_0)
FN:16,(anonymous_1)
FN:18,(anonymous_2)
FN:19,(anonymous_3)
FNF:4
FNH:4
FNDA:15,(anonymous_0)
FNDA:3,(anonymous_1)
FNDA:3,(anonymous_2)
FNDA:3,(anonymous_3)
DA:9,1
DA:10,15
DA:16,1
DA:17,3
DA:18,3
DA:19,3
LF:6
LH:6
BRF:0
BRH:0
end_of_record
TN:
SF:src/components/Button/index.tsx
FN:6,(anonymous_0)
FNF:1
FNH:1
FNDA:5,(anonymous_0)
DA:6,1
DA:7,5
DA:8,5
LF:3
LH:3
BRDA:19,0,0,5
BRDA:19,0,1,1
BRF:2
BRH:2
end_of_record
TN:
SF:src/components/Product/Product.tsx
FN:17,(anonymous_0)
FN:35,(anonymous_1)
FN:86,(anonymous_2)
FN:98,(anonymous_3)
FN:106,(anonymous_4)
FNF:5
FNH:2
FNDA:2,(anonymous_0)
FNDA:0,(anonymous_1)
FNDA:0,(anonymous_2)
FNDA:10,(anonymous_3)
FNDA:0,(anonymous_4)
DA:17,1
DA:33,2
DA:35,2
DA:36,0
DA:37,0
DA:41,2
DA:86,0
DA:99,10
DA:106,0
LF:9
LH:5
BRDA:36,0,0,0
BRDA:36,0,1,0
BRDA:74,1,0,1
BRDA:74,1,1,1
BRDA:81,2,0,1
BRDA:81,2,1,1
BRF:6
BRH:4
end_of_record
TN:
SF:src/components/Product/index.tsx
FN:12,(anonymous_0)
FN:13,(anonymous_1)
FN:19,(anonymous_2)
FN:20,(anonymous_3)
FN:22,(anonymous_4)
FN:24,(anonymous_5)
FNF:6
FNH:3
FNDA:2,(anonymous_0)
FNDA:1,(anonymous_1)
FNDA:1,(anonymous_2)
FNDA:0,(anonymous_3)
FNDA:0,(anonymous_4)
FNDA:0,(anonymous_5)
DA:12,2
DA:13,1
DA:19,1
DA:21,0
DA:23,0
DA:25,0
LF:6
LH:3
BRF:0
BRH:0
end_of_record
TN:
SF:src/components/Rating/index.tsx
FN:6,(anonymous_0)
FN:10,(anonymous_1)
FNF:2
FNH:2
FNDA:1,(anonymous_0)
FNDA:5,(anonymous_1)
DA:6,1
DA:7,1
DA:11,5
LF:3
LH:3
BRF:0
BRH:0
end_of_record
TN:
SF:src/constants/actionTypes.ts
FNF:0
FNH:0
DA:1,1
DA:2,1
DA:3,1
DA:5,1
DA:6,1
DA:7,1
DA:9,1
DA:10,1
DA:11,1
DA:13,1
DA:14,1
DA:15,1
DA:17,1
DA:18,1
DA:19,1
DA:21,1
DA:22,1
DA:23,1
DA:25,1
DA:26,1
DA:27,1
DA:29,1
DA:30,1
DA:31,1
DA:33,1
LF:25
LH:25
BRF:0
BRH:0
end_of_record
TN:
SF:src/middleware/logger.ts
FN:8,(anonymous_0)
FN:9,(anonymous_1)
FN:10,(anonymous_2)
FNF:3
FNH:3
FNDA:1,(anonymous_0)
FNDA:1,(anonymous_1)
FNDA:12,(anonymous_2)
DA:8,1
DA:9,1
DA:10,1
DA:12,12
DA:13,12
DA:15,4
DA:18,12
LF:7
LH:7
BRDA:13,0,0,4
BRDA:13,0,1,8
BRF:2
BRH:2
end_of_record
TN:
SF:src/reducers/cartReducer.ts
FN:13,(anonymous_0)
FN:20,(anonymous_1)
FN:29,(anonymous_2)
FN:38,(anonymous_3)
FN:47,(anonymous_4)
FN:59,(anonymous_5)
FN:67,(anonymous_6)
FNF:7
FNH:2
FNDA:1,(anonymous_0)
FNDA:0,(anonymous_1)
FNDA:0,(anonymous_2)
FNDA:0,(anonymous_3)
FNDA:15,(anonymous_4)
FNDA:0,(anonymous_5)
FNDA:0,(anonymous_6)
DA:11,1
DA:13,1
DA:15,1
DA:20,1
DA:23,0
DA:29,1
DA:32,0
DA:38,1
DA:41,0
DA:51,15
DA:53,1
DA:56,0
DA:59,0
DA:60,0
DA:61,0
DA:63,0
DA:67,0
DA:70,14
LF:18
LH:9
BRDA:48,0,0,3
BRDA:51,1,0,1
BRDA:51,1,1,0
BRDA:51,1,2,0
BRDA:51,1,3,0
BRDA:51,1,4,14
BRDA:60,2,0,0
BRDA:60,2,1,0
BRF:8
BRH:3
end_of_record
TN:
SF:src/reducers/errorReducer.ts
FN:19,(anonymous_0)
FN:24,(anonymous_1)
FN:29,(anonymous_2)
FN:34,(anonymous_3)
FN:39,(anonymous_4)
FN:44,(anonymous_5)
FN:53,(anonymous_6)
FN:62,(anonymous_7)
FN:71,(anonymous_8)
FN:81,(anonymous_9)
FNF:10
FNH:3
FNDA:2,(anonymous_0)
FNDA:2,(anonymous_1)
FNDA:0,(anonymous_2)
FNDA:0,(anonymous_3)
FNDA:0,(anonymous_4)
FNDA:0,(anonymous_5)
FNDA:0,(anonymous_6)
FNDA:0,(anonymous_7)
FNDA:0,(anonymous_8)
FNDA:15,(anonymous_9)
DA:19,2
DA:24,2
DA:29,1
DA:34,1
DA:39,1
DA:44,1
DA:47,0
DA:53,1
DA:56,0
DA:62,1
DA:65,0
DA:71,1
DA:85,15
DA:86,15
DA:87,10
DA:89,10
DA:90,4
DA:93,6
DA:95,6
DA:96,5
DA:97,0
DA:98,0
DA:100,5
LF:23
LH:18
BRDA:82,0,0,3
BRDA:86,1,0,10
BRDA:86,1,1,5
BRDA:87,2,0,0
BRDA:87,2,1,10
BRDA:89,3,0,4
BRDA:89,3,1,6
BRDA:96,4,0,0
BRDA:96,4,1,5
BRF:9
BRH:7
end_of_record
TN:
SF:src/reducers/index.ts
FNF:0
FNH:0
DA:8,1
LF:1
LH:1
BRF:0
BRH:0
end_of_record
TN:
SF:src/reducers/loadingReducer.ts
FN:25,(anonymous_0)
FN:29,(anonymous_1)
FN:33,(anonymous_2)
FN:40,(anonymous_3)
FN:48,(anonymous_4)
FN:56,(anonymous_5)
FN:65,(anonymous_6)
FN:74,(anonymous_7)
FN:86,(anonymous_8)
FNF:9
FNH:3
FNDA:3,(anonymous_0)
FNDA:3,(anonymous_1)
FNDA:0,(anonymous_2)
FNDA:0,(anonymous_3)
FNDA:0,(anonymous_4)
FNDA:0,(anonymous_5)
FNDA:0,(anonymous_6)
FNDA:0,(anonymous_7)
FNDA:15,(anonymous_8)
DA:25,3
DA:29,3
DA:33,1
DA:35,0
DA:40,1
DA:42,0
DA:48,1
DA:50,0
DA:56,1
DA:59,0
DA:65,1
DA:68,0
DA:74,1
DA:87,15
DA:88,15
DA:90,12
DA:92,12
DA:93,6
DA:96,6
DA:98,6
LF:20
LH:15
BRDA:86,0,0,3
BRDA:88,1,0,3
BRDA:88,1,1,12
BRDA:90,2,0,0
BRDA:90,2,1,12
BRDA:92,3,0,6
BRDA:92,3,1,6
BRF:7
BRH:6
end_of_record
TN:
SF:src/reducers/productsReducer.ts
FN:5,(anonymous_0)
FN:14,(anonymous_1)
FNF:2
FNH:2
FNDA:1,(anonymous_0)
FNDA:15,(anonymous_1)
DA:5,1
DA:7,1
DA:12,1
DA:18,15
DA:20,1
DA:24,14
LF:6
LH:6
BRDA:15,0,0,3
BRDA:18,1,0,1
BRDA:18,1,1,14
BRF:3
BRH:3
end_of_record
TN:
SF:src/reducers/userReducer.ts
FN:9,(anonymous_0)
FN:14,(anonymous_1)
FN:19,(anonymous_2)
FN:25,(anonymous_3)
FNF:4
FNH:1
FNDA:0,(anonymous_0)
FNDA:0,(anonymous_1)
FNDA:0,(anonymous_2)
FNDA:15,(anonymous_3)
DA:9,1
DA:14,1
DA:19,1
DA:23,1
DA:29,15
DA:32,0
DA:35,0
DA:38,15
LF:8
LH:6
BRDA:26,0,0,3
BRDA:29,1,0,0
BRDA:29,1,1,0
BRDA:29,1,2,0
BRDA:29,1,3,15
BRF:5
BRH:2
end_of_record
TN:
SF:src/sagas/cartSaga.ts
FN:37,loadCart
FN:53,addCartItem
FN:73,updateCartItem
FN:93,deleteCartItem
FN:109,loadCartRequest
FN:113,addCartItemRequest
FN:117,updateCartItemRequest
FN:121,deleteCartItemRequest
FN:125,rootCart
FNF:9
FNH:6
FNDA:3,loadCart
FNDA:0,addCartItem
FNDA:0,updateCartItem
FNDA:0,deleteCartItem
FNDA:1,loadCartRequest
FNDA:1,addCartItemRequest
FNDA:1,updateCartItemRequest
FNDA:1,deleteCartItemRequest
FNDA:1,rootCart
DA:38,3
DA:39,3
DA:43,1
DA:45,2
DA:46,2
DA:47,2
DA:49,2
DA:54,0
DA:55,0
DA:63,0
DA:65,0
DA:66,0
DA:67,0
DA:69,0
DA:77,0
DA:78,0
DA:83,0
DA:85,0
DA:86,0
DA:87,0
DA:89,0
DA:97,0
DA:98,0
DA:99,0
DA:101,0
DA:102,0
DA:103,0
DA:105,0
DA:110,1
DA:114,1
DA:118,1
DA:122,1
DA:126,1
LF:33
LH:12
BRDA:46,0,0,2
BRDA:46,0,1,0
BRDA:63,1,0,0
BRDA:63,1,1,0
BRDA:66,2,0,0
BRDA:66,2,1,0
BRDA:69,3,0,0
BRDA:69,3,1,0
BRDA:86,4,0,0
BRDA:86,4,1,0
BRDA:102,5,0,0
BRDA:102,5,1,0
BRF:12
BRH:1
end_of_record
TN:
SF:src/sagas/index.ts
FN:6,rootSaga
FNF:1
FNH:1
FNDA:1,rootSaga
DA:7,1
LF:1
LH:1
BRF:0
BRH:0
end_of_record
TN:
SF:src/sagas/productsSaga.ts
FN:9,loadProducts
FN:26,rootProducts
FNF:2
FNH:2
FNDA:3,loadProducts
FNDA:1,rootProducts
DA:10,3
DA:11,3
DA:16,1
DA:18,2
DA:19,2
DA:20,2
DA:22,2
DA:27,1
LF:8
LH:8
BRDA:19,0,0,2
BRDA:19,0,1,0
BRF:2
BRH:1
end_of_record
TN:
SF:src/sagas/userSaga.ts
FN:25,login
FN:46,register
FN:69,logout
FN:82,registerRequest
FN:86,loginRequest
FN:90,logoutRequest
FN:94,rootUser
FNF:7
FNH:4
FNDA:0,login
FNDA:0,register
FNDA:0,logout
FNDA:1,registerRequest
FNDA:1,loginRequest
FNDA:1,logoutRequest
FNDA:1,rootUser
DA:26,0
DA:27,0
DA:28,0
DA:33,0
DA:34,0
DA:35,0
DA:37,0
DA:38,0
DA:39,0
DA:41,0
DA:42,0
DA:47,0
DA:48,0
DA:49,0
DA:54,0
DA:55,0
DA:56,0
DA:58,0
DA:59,0
DA:60,0
DA:62,0
DA:63,0
DA:65,0
DA:70,0
DA:71,0
DA:72,0
DA:74,0
DA:75,0
DA:76,0
DA:78,0
DA:83,1
DA:87,1
DA:91,1
DA:95,1
LF:34
LH:4
BRDA:38,0,0,0
BRDA:38,0,1,0
BRDA:59,1,0,0
BRDA:59,1,1,0
BRDA:75,2,0,0
BRDA:75,2,1,0
BRF:6
BRH:0
end_of_record
TN:
SF:src/utils/axios.ts
FN:10,(anonymous_0)
FN:21,(anonymous_1)
FN:29,(anonymous_2)
FN:34,(anonymous_3)
FNF:4
FNH:3
FNDA:6,(anonymous_0)
FNDA:0,(anonymous_1)
FNDA:2,(anonymous_2)
FNDA:4,(anonymous_3)
DA:3,1
DA:9,1
DA:12,6
DA:13,6
DA:14,0
DA:19,6
DA:23,0
DA:28,1
DA:32,2
DA:38,4
DA:39,4
DA:41,0
LF:12
LH:9
BRDA:13,0,0,0
BRDA:13,0,1,6
BRDA:38,1,0,4
BRDA:38,1,1,0
BRDA:39,2,0,4
BRDA:39,2,1,4
BRF:6
BRH:4
end_of_record
